<?xml version="1.0" encoding="UTF-8"?>
<testng-results skipped="0" failed="0" ignored="0" total="1" passed="1">
  <reporter-output>
    <line>
      <![CDATA[Extent Report Directory/Users/matiur/IdeaProjects/MtvWeb/target/surefire-reports/html]]>
    </line>
    <line>
      <![CDATA[Browser is Launched]]>
    </line>
    <line>
      <![CDATA[TvShowSelection: selecting Content]]>
    </line>
    <line>
      <![CDATA[ShowMenuPage: get Latest Episode Title On Selected Tv Show]]>
    </line>
    <line>
      <![CDATA[MainMenuPage: mouse Hover On S How Menu]]>
    </line>
    <line>
      <![CDATA[MainMenuPage: get Shows Web Element]]>
    </line>
    <line>
      <![CDATA[ShowMenuPage: get Shows A To Z Web Element]]>
    </line>
    <line>
      <![CDATA[ShowMenuPage: click On Desired Show From Multiple Series]]>
    </line>
    <line>
      <![CDATA[ShowMenuPage: get Select Tv Show Web Element]]>
    </line>
    <line>
      <![CDATA[ShowMenuPage: get Clip Title]]>
    </line>
    <line>
      <![CDATA[ShowMenuPage: get Clip Title Web Element]]>
    </line>
  </reporter-output>
  <suite name="MTV Automation Script " duration-ms="20922" started-at="2018-08-09T04:06:30Z" finished-at="2018-08-09T04:06:51Z">
    <groups>
    </groups>
    <test name="MTV Home" duration-ms="20922" started-at="2018-08-09T04:06:30Z" finished-at="2018-08-09T04:06:51Z">
      <class name="content.TvShowSelection">
        <test-method status="PASS" signature="extentSetup(org.testng.ITestContext)[pri:0, instance:content.TvShowSelection@90f6bfd]" name="extentSetup" is-config="true" duration-ms="5281" started-at="2018-08-09T00:06:25Z" finished-at="2018-08-09T00:06:30Z">
          <params>
            <param index="0">
              <value>
                <![CDATA[org.testng.TestRunner@3ad394e6]]>
              </value>
            </param>
          </params>
          <reporter-output>
            <line>
              <![CDATA[Extent Report Directory/Users/matiur/IdeaProjects/MtvWeb/target/surefire-reports/html]]>
            </line>
          </reporter-output>
        </test-method> <!-- extentSetup -->
        <test-method status="PASS" signature="getLocalDriver(java.lang.String, java.lang.String, java.lang.String, java.lang.String, java.lang.String)[pri:0, instance:content.TvShowSelection@90f6bfd]" name="getLocalDriver" is-config="true" duration-ms="6174" started-at="2018-08-09T00:06:30Z" finished-at="2018-08-09T00:06:36Z">
          <params>
            <param index="0">
              <value>
                <![CDATA[OS X]]>
              </value>
            </param>
            <param index="1">
              <value>
                <![CDATA[Sierra]]>
              </value>
            </param>
            <param index="2">
              <value>
                <![CDATA[chrome]]>
              </value>
            </param>
            <param index="3">
              <value>
                <![CDATA[53.0]]>
              </value>
            </param>
            <param index="4">
              <value>
                <![CDATA[http://www.mtv.com/]]>
              </value>
            </param>
          </params>
          <reporter-output>
          </reporter-output>
        </test-method> <!-- getLocalDriver -->
        <test-method status="PASS" signature="startExtent(java.lang.reflect.Method)[pri:0, instance:content.TvShowSelection@90f6bfd]" name="startExtent" is-config="true" duration-ms="7" started-at="2018-08-09T00:06:36Z" finished-at="2018-08-09T00:06:36Z">
          <params>
            <param index="0">
              <value>
                <![CDATA[public void content.TvShowSelection.selectingContent()]]>
              </value>
            </param>
          </params>
          <reporter-output>
          </reporter-output>
        </test-method> <!-- startExtent -->
        <test-method status="PASS" signature="selectingContent()[pri:0, instance:content.TvShowSelection@90f6bfd]" name="selectingContent" duration-ms="14102" started-at="2018-08-09T00:06:36Z" finished-at="2018-08-09T00:06:51Z">
          <reporter-output>
            <line>
              <![CDATA[Browser is Launched]]>
            </line>
            <line>
              <![CDATA[TvShowSelection: selecting Content]]>
            </line>
            <line>
              <![CDATA[ShowMenuPage: get Latest Episode Title On Selected Tv Show]]>
            </line>
            <line>
              <![CDATA[MainMenuPage: mouse Hover On S How Menu]]>
            </line>
            <line>
              <![CDATA[MainMenuPage: get Shows Web Element]]>
            </line>
            <line>
              <![CDATA[ShowMenuPage: get Shows A To Z Web Element]]>
            </line>
            <line>
              <![CDATA[ShowMenuPage: click On Desired Show From Multiple Series]]>
            </line>
            <line>
              <![CDATA[ShowMenuPage: get Select Tv Show Web Element]]>
            </line>
            <line>
              <![CDATA[ShowMenuPage: get Clip Title]]>
            </line>
            <line>
              <![CDATA[ShowMenuPage: get Clip Title Web Element]]>
            </line>
          </reporter-output>
        </test-method> <!-- selectingContent -->
        <test-method status="PASS" signature="afterEachTestMethod(org.testng.ITestResult)[pri:0, instance:content.TvShowSelection@90f6bfd]" name="afterEachTestMethod" is-config="true" duration-ms="625" started-at="2018-08-09T00:06:51Z" finished-at="2018-08-09T00:06:51Z">
          <params>
            <param index="0">
              <value>
                <![CDATA[[TestResult name=selectingContent status=SUCCESS method=TvShowSelection.selectingContent()[pri:0, instance:content.TvShowSelection@90f6bfd] output=Browser is Launched]]]>
              </value>
            </param>
          </params>
          <reporter-output>
          </reporter-output>
        </test-method> <!-- afterEachTestMethod -->
        <test-method status="PASS" signature="cleanUp()[pri:0, instance:content.TvShowSelection@90f6bfd]" name="cleanUp" is-config="true" duration-ms="0" started-at="2018-08-09T00:06:51Z" finished-at="2018-08-09T00:06:51Z">
          <reporter-output>
          </reporter-output>
        </test-method> <!-- cleanUp -->
        <test-method status="PASS" signature="generateReport()[pri:0, instance:content.TvShowSelection@90f6bfd]" name="generateReport" is-config="true" duration-ms="67" started-at="2018-08-09T00:06:56Z" finished-at="2018-08-09T00:06:56Z">
          <reporter-output>
          </reporter-output>
        </test-method> <!-- generateReport -->
      </class> <!-- content.TvShowSelection -->
    </test> <!-- MTV Home -->
  </suite> <!-- MTV Automation Script  -->
</testng-results>
