<?xml version="1.0" encoding="UTF-8"?>
<testng-results skipped="0" failed="0" ignored="0" total="1" passed="1">
  <reporter-output>
    <line>
      <![CDATA[Extent Report Directory/Users/matiur/IdeaProjects/MtvWeb/target/surefire-reports/html]]>
    </line>
    <line>
      <![CDATA[MenuPage: get Latest Episode Title On Selected Tv Show]]>
    </line>
  </reporter-output>
  <suite name="MTV Automation Script " duration-ms="27554" started-at="2018-08-08T20:26:31Z" finished-at="2018-08-08T20:26:59Z">
    <groups>
    </groups>
    <test name="MTV Home" duration-ms="27554" started-at="2018-08-08T20:26:31Z" finished-at="2018-08-08T20:26:59Z">
      <class name="menu.MenuTest">
        <test-method status="PASS" signature="extentSetup(org.testng.ITestContext)[pri:0, instance:menu.MenuTest@90f6bfd]" name="extentSetup" is-config="true" duration-ms="5448" started-at="2018-08-08T16:26:26Z" finished-at="2018-08-08T16:26:31Z">
          <params>
            <param index="0">
              <value>
                <![CDATA[org.testng.TestRunner@1d269ed7]]>
              </value>
            </param>
          </params>
          <reporter-output>
            <line>
              <![CDATA[Extent Report Directory/Users/matiur/IdeaProjects/MtvWeb/target/surefire-reports/html]]>
            </line>
          </reporter-output>
        </test-method> <!-- extentSetup -->
        <test-method status="PASS" signature="getLocalDriver(java.lang.String, java.lang.String, java.lang.String, java.lang.String, java.lang.String)[pri:0, instance:menu.MenuTest@90f6bfd]" name="getLocalDriver" is-config="true" duration-ms="16526" started-at="2018-08-08T16:26:31Z" finished-at="2018-08-08T16:26:48Z">
          <params>
            <param index="0">
              <value>
                <![CDATA[OS X]]>
              </value>
            </param>
            <param index="1">
              <value>
                <![CDATA[${os_version}]]>
              </value>
            </param>
            <param index="2">
              <value>
                <![CDATA[chrome]]>
              </value>
            </param>
            <param index="3">
              <value>
                <![CDATA[53.0]]>
              </value>
            </param>
            <param index="4">
              <value>
                <![CDATA[http://www.mtv.com/]]>
              </value>
            </param>
          </params>
          <reporter-output>
          </reporter-output>
        </test-method> <!-- getLocalDriver -->
        <test-method status="PASS" signature="startExtent(java.lang.reflect.Method)[pri:0, instance:menu.MenuTest@90f6bfd]" name="startExtent" is-config="true" duration-ms="9" started-at="2018-08-08T16:26:48Z" finished-at="2018-08-08T16:26:48Z">
          <params>
            <param index="0">
              <value>
                <![CDATA[public void menu.MenuTest.menu()]]>
              </value>
            </param>
          </params>
          <reporter-output>
          </reporter-output>
        </test-method> <!-- startExtent -->
        <test-method status="PASS" signature="menu()[pri:0, instance:menu.MenuTest@90f6bfd]" name="menu" duration-ms="10304" started-at="2018-08-08T16:26:48Z" finished-at="2018-08-08T16:26:58Z">
          <reporter-output>
            <line>
              <![CDATA[MenuPage: get Latest Episode Title On Selected Tv Show]]>
            </line>
          </reporter-output>
        </test-method> <!-- menu -->
        <test-method status="PASS" signature="afterEachTestMethod(org.testng.ITestResult)[pri:0, instance:menu.MenuTest@90f6bfd]" name="afterEachTestMethod" is-config="true" duration-ms="685" started-at="2018-08-08T16:26:58Z" finished-at="2018-08-08T16:26:59Z">
          <params>
            <param index="0">
              <value>
                <![CDATA[[TestResult name=menu status=SUCCESS method=MenuTest.menu()[pri:0, instance:menu.MenuTest@90f6bfd] output=MenuPage: get Latest Episode Title On Selected Tv Show]]]>
              </value>
            </param>
          </params>
          <reporter-output>
          </reporter-output>
        </test-method> <!-- afterEachTestMethod -->
        <test-method status="FAIL" signature="cleanUp()[pri:0, instance:menu.MenuTest@90f6bfd]" name="cleanUp" is-config="true" duration-ms="1" started-at="2018-08-08T16:26:59Z" finished-at="2018-08-08T16:26:59Z">
          <exception class="org.openqa.selenium.NoSuchSessionException">
            <message>
              <![CDATA[Session ID is null. Using WebDriver after calling quit()?
Build info: version: '3.12.0', revision: '7c6e0b3', time: '2018-05-08T14:04:26.12Z'
System info: host: 'matiurs-MacBook-Air.local', ip: '2604:2000:a146:bf00:0:0:0:4', os.name: 'Mac OS X', os.arch: 'x86_64', os.version: '10.12.6', java.version: '1.8.0_144'
Driver info: driver.version: RemoteWebDriver]]>
            </message>
            <full-stacktrace>
              <![CDATA[org.openqa.selenium.NoSuchSessionException: Session ID is null. Using WebDriver after calling quit()?
Build info: version: '3.12.0', revision: '7c6e0b3', time: '2018-05-08T14:04:26.12Z'
System info: host: 'matiurs-MacBook-Air.local', ip: '2604:2000:a146:bf00:0:0:0:4', os.name: 'Mac OS X', os.arch: 'x86_64', os.version: '10.12.6', java.version: '1.8.0_144'
Driver info: driver.version: RemoteWebDriver
	at org.openqa.selenium.remote.HttpCommandExecutor.execute(HttpCommandExecutor.java:125)
	at org.openqa.selenium.remote.service.DriverCommandExecutor.execute(DriverCommandExecutor.java:83)
	at org.openqa.selenium.remote.RemoteWebDriver.execute(RemoteWebDriver.java:543)
	at org.openqa.selenium.remote.RemoteWebDriver.execute(RemoteWebDriver.java:600)
	at org.openqa.selenium.remote.RemoteWebDriver.close(RemoteWebDriver.java:433)
	at base.CommonAPI.cleanUp(CommonAPI.java:116)
	at sun.reflect.NativeMethodAccessorImpl.invoke0(Native Method)
	at sun.reflect.NativeMethodAccessorImpl.invoke(NativeMethodAccessorImpl.java:62)
	at sun.reflect.DelegatingMethodAccessorImpl.invoke(DelegatingMethodAccessorImpl.java:43)
	at java.lang.reflect.Method.invoke(Method.java:498)
	at org.testng.internal.MethodInvocationHelper.invokeMethod(MethodInvocationHelper.java:108)
	at org.testng.internal.Invoker.invokeConfigurationMethod(Invoker.java:523)
	at org.testng.internal.Invoker.invokeConfigurations(Invoker.java:224)
	at org.testng.internal.Invoker.invokeMethod(Invoker.java:723)
	at org.testng.internal.Invoker.invokeTestMethod(Invoker.java:869)
	at org.testng.internal.Invoker.invokeTestMethods(Invoker.java:1193)
	at org.testng.internal.TestMethodWorker.invokeTestMethods(TestMethodWorker.java:126)
	at org.testng.internal.TestMethodWorker.run(TestMethodWorker.java:109)
	at org.testng.TestRunner.privateRun(TestRunner.java:744)
	at org.testng.TestRunner.run(TestRunner.java:602)
	at org.testng.SuiteRunner.runTest(SuiteRunner.java:380)
	at org.testng.SuiteRunner.runSequentially(SuiteRunner.java:375)
	at org.testng.SuiteRunner.privateRun(SuiteRunner.java:340)
	at org.testng.SuiteRunner.run(SuiteRunner.java:289)
	at org.testng.SuiteRunnerWorker.runSuite(SuiteRunnerWorker.java:52)
	at org.testng.SuiteRunnerWorker.run(SuiteRunnerWorker.java:86)
	at org.testng.TestNG.runSuitesSequentially(TestNG.java:1301)
	at org.testng.TestNG.runSuitesLocally(TestNG.java:1226)
	at org.testng.TestNG.runSuites(TestNG.java:1144)
	at org.testng.TestNG.run(TestNG.java:1115)
	at org.apache.maven.surefire.testng.TestNGExecutor.run(TestNGExecutor.java:281)
	at org.apache.maven.surefire.testng.TestNGXmlTestSuite.execute(TestNGXmlTestSuite.java:75)
	at org.apache.maven.surefire.testng.TestNGProvider.invoke(TestNGProvider.java:121)
	at org.apache.maven.surefire.booter.ForkedBooter.invokeProviderInSameClassLoader(ForkedBooter.java:290)
	at org.apache.maven.surefire.booter.ForkedBooter.runSuitesInProcess(ForkedBooter.java:242)
	at org.apache.maven.surefire.booter.ForkedBooter.main(ForkedBooter.java:121)
]]>
            </full-stacktrace>
          </exception> <!-- org.openqa.selenium.NoSuchSessionException -->
          <reporter-output>
          </reporter-output>
        </test-method> <!-- cleanUp -->
        <test-method status="SKIP" signature="generateReport()[pri:0, instance:menu.MenuTest@90f6bfd]" name="generateReport" is-config="true" duration-ms="0" started-at="2018-08-08T16:27:04Z" finished-at="2018-08-08T16:27:04Z">
          <reporter-output>
          </reporter-output>
        </test-method> <!-- generateReport -->
      </class> <!-- menu.MenuTest -->
    </test> <!-- MTV Home -->
  </suite> <!-- MTV Automation Script  -->
</testng-results>
